TN:
SF:module/setupTests.js
FN:15,deepClone
FN:52,getProperty
FNF:2
FNH:2
FNDA:3698,deepClone
FNDA:14,getProperty
DA:1,1
DA:2,1
DA:4,1
DA:5,1
DA:6,1
DA:7,1
DA:8,1
DA:9,1
DA:10,1
DA:11,1
DA:12,1
DA:13,1
DA:14,1
DA:15,3698
DA:16,3698
DA:17,0
DA:18,0
DA:19,3698
DA:21,3698
DA:22,3698
DA:24,1074
DA:25,3698
DA:27,1074
DA:28,3698
DA:30,1074
DA:31,3698
DA:32,0
DA:33,0
DA:34,0
DA:36,1074
DA:37,1074
DA:38,3698
DA:39,3662
DA:40,3662
DA:41,1074
DA:42,1074
DA:44,1
DA:45,1
DA:46,1
DA:47,1
DA:48,1
DA:49,1
DA:50,1
DA:51,1
DA:52,14
DA:53,14
DA:54,14
DA:55,0
DA:56,0
DA:57,0
DA:58,0
DA:59,0
DA:60,0
DA:61,0
DA:62,0
DA:64,1
DA:65,1
DA:66,1
DA:67,36
DA:68,1
DA:69,1
DA:70,14
DA:71,1
DA:72,1
DA:73,1
LF:65
LH:52
BRDA:15,0,0,3698
BRDA:16,1,0,0
BRDA:22,2,0,1074
BRDA:22,3,0,2624
BRDA:22,4,0,1074
BRDA:25,5,0,0
BRDA:25,6,0,1074
BRDA:28,7,0,0
BRDA:28,8,0,1074
BRDA:31,9,0,0
BRDA:34,10,0,1074
BRDA:38,11,0,3662
BRDA:40,12,0,1074
BRDA:52,13,0,14
BRDA:53,14,0,0
BRDA:54,15,0,0
BRDA:66,16,0,36
BRDA:69,17,0,14
BRF:18
BRH:12
end_of_record
TN:
SF:module/lib/skill.mjs
FN:9,Skill
FN:23,isValid
FN:30,process
FN:41,train
FN:50,forget
FN:59,evaluate
FN:69,updateState
FN:79,#computeFreeSkillRankAvailable
FN:85,CareerFreeSkill
FN:94,isValid
FN:104,train
FN:115,forget
FN:125,evaluate
FN:157,#computeFreeSkillRankAvailable
FN:165,updateState
FN:181,SpecializationFreeSkill
FN:190,isValid
FN:200,train
FN:211,forget
FN:221,evaluate
FN:253,#computeFreeSkillRankAvailable
FN:261,updateState
FN:277,TrainedSkill
FN:286,isValid
FN:294,process
FN:302,train
FN:312,forget
FN:321,evaluate
FN:342,#computeFreeSkillRankAvailable
FN:350,updateState
FN:366,ErrorSkill
FN:375,isValid
FN:383,process
FN:391,train
FN:400,forget
FN:404,evaluate
FN:412,#computeFreeSkillRankAvailable
FNF:37
FNH:9
FNDA:14,Skill
FNDA:0,isValid
FNDA:0,process
FNDA:0,train
FNDA:0,forget
FNDA:0,evaluate
FNDA:0,updateState
FNDA:0,#computeFreeSkillRankAvailable
FNDA:3,CareerFreeSkill
FNDA:0,isValid
FNDA:0,train
FNDA:0,forget
FNDA:0,evaluate
FNDA:3,#computeFreeSkillRankAvailable
FNDA:0,updateState
FNDA:4,SpecializationFreeSkill
FNDA:0,isValid
FNDA:0,train
FNDA:0,forget
FNDA:0,evaluate
FNDA:4,#computeFreeSkillRankAvailable
FNDA:0,updateState
FNDA:4,TrainedSkill
FNDA:0,isValid
FNDA:0,process
FNDA:0,train
FNDA:0,forget
FNDA:0,evaluate
FNDA:4,#computeFreeSkillRankAvailable
FNDA:0,updateState
FNDA:3,ErrorSkill
FNDA:0,isValid
FNDA:0,process
FNDA:0,train
FNDA:0,forget
FNDA:0,evaluate
FNDA:3,#computeFreeSkillRankAvailable
DA:1,1
DA:2,1
DA:3,1
DA:4,1
DA:5,1
DA:6,1
DA:8,1
DA:9,1
DA:10,14
DA:11,14
DA:12,14
DA:13,14
DA:14,14
DA:15,14
DA:16,14
DA:17,14
DA:18,14
DA:20,1
DA:21,1
DA:22,1
DA:23,1
DA:24,0
DA:25,0
DA:27,1
DA:28,1
DA:29,1
DA:30,1
DA:31,0
DA:32,0
DA:33,0
DA:34,0
DA:36,1
DA:37,1
DA:38,1
DA:39,1
DA:40,1
DA:41,1
DA:42,0
DA:43,0
DA:45,1
DA:46,1
DA:47,1
DA:48,1
DA:49,1
DA:50,1
DA:51,0
DA:52,0
DA:54,1
DA:55,1
DA:56,1
DA:57,1
DA:58,1
DA:59,1
DA:60,0
DA:61,0
DA:63,1
DA:64,1
DA:65,1
DA:66,1
DA:67,1
DA:68,1
DA:69,1
DA:70,0
DA:71,0
DA:73,1
DA:74,1
DA:75,1
DA:76,1
DA:77,1
DA:78,1
DA:79,1
DA:80,0
DA:81,0
DA:82,1
DA:84,1
DA:85,1
DA:86,3
DA:87,3
DA:88,3
DA:90,1
DA:91,1
DA:92,1
DA:93,1
DA:94,1
DA:95,0
DA:96,0
DA:97,0
DA:98,0
DA:100,1
DA:101,1
DA:102,1
DA:103,1
DA:104,1
DA:105,0
DA:106,0
DA:107,0
DA:108,0
DA:110,1
DA:111,1
DA:112,1
DA:113,1
DA:115,1
DA:116,0
DA:117,0
DA:118,0
DA:119,0
DA:121,1
DA:122,1
DA:123,1
DA:124,1
DA:125,1
DA:126,0
DA:127,0
DA:128,0
DA:129,0
DA:131,0
DA:133,0
DA:134,0
DA:135,0
DA:137,0
DA:138,0
DA:139,0
DA:141,0
DA:142,0
DA:144,0
DA:145,0
DA:146,0
DA:148,0
DA:149,0
DA:150,0
DA:151,0
DA:153,1
DA:154,1
DA:155,1
DA:156,1
DA:157,1
DA:158,3
DA:159,3
DA:161,1
DA:162,1
DA:163,1
DA:164,1
DA:165,1
DA:166,0
DA:167,0
DA:168,0
DA:169,0
DA:170,0
DA:171,0
DA:172,0
DA:173,0
DA:174,0
DA:175,0
DA:176,0
DA:177,0
DA:178,1
DA:180,1
DA:181,1
DA:182,4
DA:183,4
DA:184,4
DA:186,1
DA:187,1
DA:188,1
DA:189,1
DA:190,1
DA:191,0
DA:192,0
DA:193,0
DA:194,0
DA:196,1
DA:197,1
DA:198,1
DA:199,1
DA:200,1
DA:201,0
DA:202,0
DA:203,0
DA:204,0
DA:206,1
DA:207,1
DA:208,1
DA:209,1
DA:211,1
DA:212,0
DA:213,0
DA:214,0
DA:215,0
DA:217,1
DA:218,1
DA:219,1
DA:220,1
DA:221,1
DA:222,0
DA:223,0
DA:224,0
DA:225,0
DA:227,0
DA:229,0
DA:230,0
DA:231,0
DA:233,0
DA:234,0
DA:235,0
DA:237,0
DA:238,0
DA:239,0
DA:241,0
DA:242,0
DA:243,0
DA:245,0
DA:246,0
DA:247,0
DA:249,1
DA:250,1
DA:251,1
DA:252,1
DA:253,1
DA:254,4
DA:255,4
DA:257,1
DA:258,1
DA:259,1
DA:260,1
DA:261,1
DA:262,0
DA:263,0
DA:264,0
DA:265,0
DA:266,0
DA:267,0
DA:268,0
DA:269,0
DA:270,0
DA:271,0
DA:272,0
DA:273,0
DA:274,1
DA:276,1
DA:277,1
DA:278,4
DA:279,4
DA:280,4
DA:282,1
DA:283,1
DA:284,1
DA:285,1
DA:286,1
DA:287,0
DA:288,0
DA:290,1
DA:291,1
DA:292,1
DA:293,1
DA:294,1
DA:295,0
DA:296,0
DA:298,1
DA:299,1
DA:300,1
DA:301,1
DA:302,1
DA:303,0
DA:304,0
DA:305,0
DA:307,1
DA:308,1
DA:309,1
DA:310,1
DA:312,1
DA:313,0
DA:314,0
DA:315,0
DA:317,1
DA:318,1
DA:319,1
DA:320,1
DA:321,1
DA:322,0
DA:324,0
DA:325,0
DA:326,0
DA:328,0
DA:330,0
DA:331,0
DA:332,0
DA:334,0
DA:335,0
DA:336,0
DA:338,1
DA:339,1
DA:340,1
DA:341,1
DA:342,1
DA:343,4
DA:344,4
DA:346,1
DA:347,1
DA:348,1
DA:349,1
DA:350,1
DA:351,0
DA:352,0
DA:353,0
DA:354,0
DA:355,0
DA:356,0
DA:357,0
DA:358,0
DA:359,0
DA:360,0
DA:361,0
DA:362,0
DA:363,1
DA:365,1
DA:366,1
DA:367,3
DA:368,3
DA:369,3
DA:371,1
DA:372,1
DA:373,1
DA:374,1
DA:375,1
DA:376,0
DA:377,0
DA:379,1
DA:380,1
DA:381,1
DA:382,1
DA:383,1
DA:384,0
DA:385,0
DA:387,1
DA:388,1
DA:389,1
DA:390,1
DA:391,1
DA:392,0
DA:393,0
DA:395,1
DA:396,1
DA:397,1
DA:398,1
DA:400,1
DA:401,0
DA:402,0
DA:404,1
DA:405,0
DA:406,0
DA:408,1
DA:409,1
DA:410,1
DA:411,1
DA:412,1
DA:413,3
DA:414,3
DA:415,1
LF:358
LH:211
BRDA:9,0,0,14
BRDA:85,1,0,3
BRDA:157,2,0,3
BRDA:181,3,0,4
BRDA:253,4,0,4
BRDA:277,5,0,4
BRDA:342,6,0,4
BRDA:366,7,0,3
BRDA:412,8,0,3
BRF:9
BRH:9
end_of_record
TN:
SF:module/lib/skills/skill-factory.mjs
FN:38,build
FN:78,#hasCareerFreeSkill
FN:82,#hasSpecializationFreeSkill
FN:96,#buildCareerOrSpecialization
FNF:4
FNH:4
FNDA:14,build
FNDA:3,#hasCareerFreeSkill
FNDA:1,#hasSpecializationFreeSkill
FNDA:8,#buildCareerOrSpecialization
DA:1,1
DA:3,1
DA:4,1
DA:5,1
DA:6,1
DA:7,1
DA:8,1
DA:9,1
DA:10,1
DA:11,1
DA:12,1
DA:13,1
DA:14,1
DA:16,1
DA:17,1
DA:18,1
DA:20,1
DA:21,1
DA:22,1
DA:23,1
DA:24,1
DA:25,1
DA:26,1
DA:28,1
DA:30,1
DA:31,1
DA:32,1
DA:33,1
DA:34,1
DA:35,1
DA:36,1
DA:37,1
DA:38,1
DA:39,14
DA:40,14
DA:41,14
DA:42,14
DA:43,14
DA:44,14
DA:45,14
DA:46,14
DA:47,14
DA:49,14
DA:50,14
DA:52,14
DA:53,1
DA:54,1
DA:56,14
DA:57,3
DA:58,2
DA:59,2
DA:60,3
DA:61,1
DA:62,1
DA:63,3
DA:65,14
DA:66,8
DA:67,8
DA:69,14
DA:70,1
DA:71,1
DA:73,1
DA:74,1
DA:75,1
DA:76,14
DA:78,1
DA:79,3
DA:80,3
DA:82,1
DA:83,1
DA:84,1
DA:86,1
DA:87,1
DA:88,1
DA:89,1
DA:90,1
DA:91,1
DA:92,1
DA:93,1
DA:94,1
DA:95,1
DA:96,1
DA:97,8
DA:98,3
DA:99,3
DA:100,1
DA:101,1
DA:102,1
DA:103,1
DA:104,1
DA:105,1
DA:106,1
DA:107,1
DA:108,1
DA:109,3
DA:110,1
DA:111,1
DA:112,1
DA:113,1
DA:114,1
DA:115,1
DA:116,1
DA:117,1
DA:118,1
DA:119,1
DA:120,1
DA:121,1
DA:122,1
DA:123,1
DA:124,1
DA:125,1
DA:126,1
DA:127,1
DA:129,5
DA:130,5
DA:131,5
DA:132,2
DA:133,2
DA:134,2
DA:135,2
DA:136,2
DA:137,2
DA:138,2
DA:139,2
DA:140,2
DA:141,5
DA:142,1
DA:143,1
DA:144,1
DA:145,1
DA:146,1
DA:147,1
DA:148,1
DA:149,1
DA:150,1
DA:151,5
DA:152,1
DA:153,1
DA:154,1
DA:155,1
DA:156,1
DA:157,1
DA:158,1
DA:159,1
DA:160,1
DA:161,1
DA:162,1
DA:163,1
DA:164,1
DA:165,1
DA:166,1
DA:167,1
DA:168,1
DA:169,8
DA:170,1
LF:155
LH:155
BRDA:38,0,0,14
BRDA:52,1,0,1
BRDA:54,2,0,13
BRDA:56,3,0,4
BRDA:56,4,0,3
BRDA:57,5,0,1
BRDA:57,6,0,2
BRDA:60,7,0,1
BRDA:63,8,0,10
BRDA:65,9,0,9
BRDA:65,10,0,8
BRDA:67,11,0,2
BRDA:69,12,0,1
BRDA:78,13,0,3
BRDA:82,14,0,1
BRDA:96,15,0,8
BRDA:97,16,0,3
BRDA:99,17,0,1
BRDA:108,18,0,2
BRDA:109,19,0,1
BRDA:127,20,0,5
BRDA:131,21,0,2
BRDA:131,22,0,2
BRDA:140,23,0,3
BRDA:141,24,0,1
BRDA:141,25,0,1
BRDA:150,26,0,2
BRDA:151,27,0,1
BRF:28
BRH:28
end_of_record
