TN:
SF:module/lib/skills/career-free-skill.mjs
FN:5,CareerFreeSkill
FN:14,train
FN:25,forget
FN:35,evaluate
FN:69,#computeFreeSkillRankAvailable
FN:77,updateState
FNF:6
FNH:2
FNDA:3,CareerFreeSkill
FNDA:0,train
FNDA:0,forget
FNDA:0,evaluate
FNDA:3,#computeFreeSkillRankAvailable
FNDA:0,updateState
DA:1,1
DA:2,1
DA:4,1
DA:5,1
DA:6,3
DA:7,3
DA:8,3
DA:10,1
DA:11,1
DA:12,1
DA:13,1
DA:14,1
DA:15,0
DA:16,0
DA:17,0
DA:18,0
DA:20,1
DA:21,1
DA:22,1
DA:23,1
DA:25,1
DA:26,0
DA:27,0
DA:28,0
DA:29,0
DA:31,1
DA:32,1
DA:33,1
DA:34,1
DA:35,1
DA:36,0
DA:37,0
DA:38,0
DA:39,0
DA:41,0
DA:43,0
DA:44,0
DA:45,0
DA:46,0
DA:48,0
DA:49,0
DA:50,0
DA:52,0
DA:53,0
DA:55,0
DA:56,0
DA:57,0
DA:58,0
DA:60,0
DA:61,0
DA:62,0
DA:63,0
DA:65,1
DA:66,1
DA:67,1
DA:68,1
DA:69,1
DA:70,3
DA:71,3
DA:73,1
DA:74,1
DA:75,1
DA:76,1
DA:77,1
DA:78,0
DA:79,0
DA:80,0
DA:81,0
DA:82,0
DA:83,0
DA:84,0
DA:85,0
DA:86,0
DA:87,0
DA:88,0
DA:89,0
DA:90,1
LF:77
LH:35
BRDA:5,0,0,3
BRDA:69,1,0,3
BRF:2
BRH:2
end_of_record
TN:
SF:module/lib/skills/error-skill.mjs
FN:4,ErrorSkill
FN:13,train
FN:23,forget
FN:28,evaluate
FN:36,#computeFreeSkillRankAvailable
FN:40,updateState
FNF:6
FNH:2
FNDA:4,ErrorSkill
FNDA:0,train
FNDA:0,forget
FNDA:0,evaluate
FNDA:4,#computeFreeSkillRankAvailable
FNDA:0,updateState
DA:1,1
DA:3,1
DA:4,1
DA:5,4
DA:6,4
DA:7,4
DA:9,1
DA:10,1
DA:11,1
DA:12,1
DA:13,1
DA:14,0
DA:15,0
DA:16,0
DA:18,1
DA:19,1
DA:20,1
DA:21,1
DA:23,1
DA:24,0
DA:25,0
DA:26,0
DA:28,1
DA:29,0
DA:30,0
DA:32,1
DA:33,1
DA:34,1
DA:35,1
DA:36,1
DA:37,4
DA:38,4
DA:40,1
DA:41,0
DA:42,0
DA:43,1
LF:36
LH:26
BRDA:4,0,0,4
BRDA:36,1,0,4
BRF:2
BRH:2
end_of_record
TN:
SF:module/lib/skills/skill-factory.mjs
FN:41,build
FN:81,#hasCareerFreeSkill
FN:85,#hasSpecializationFreeSkill
FN:99,#buildCareerOrSpecialization
FNF:4
FNH:4
FNDA:14,build
FNDA:3,#hasCareerFreeSkill
FNDA:1,#hasSpecializationFreeSkill
FNDA:8,#buildCareerOrSpecialization
DA:1,1
DA:2,1
DA:3,1
DA:4,1
DA:6,1
DA:7,1
DA:8,1
DA:9,1
DA:10,1
DA:11,1
DA:12,1
DA:13,1
DA:14,1
DA:15,1
DA:16,1
DA:17,1
DA:19,1
DA:20,1
DA:21,1
DA:23,1
DA:24,1
DA:25,1
DA:26,1
DA:27,1
DA:28,1
DA:29,1
DA:31,1
DA:33,1
DA:34,1
DA:35,1
DA:36,1
DA:37,1
DA:38,1
DA:39,1
DA:40,1
DA:41,1
DA:42,14
DA:43,14
DA:44,14
DA:45,14
DA:46,14
DA:47,14
DA:48,14
DA:49,14
DA:50,14
DA:52,14
DA:53,14
DA:55,14
DA:56,1
DA:57,1
DA:59,14
DA:60,3
DA:61,2
DA:62,2
DA:63,3
DA:64,1
DA:65,1
DA:66,3
DA:68,14
DA:69,8
DA:70,8
DA:72,14
DA:73,1
DA:74,1
DA:76,1
DA:77,1
DA:78,1
DA:79,14
DA:81,1
DA:82,3
DA:83,3
DA:85,1
DA:86,1
DA:87,1
DA:89,1
DA:90,1
DA:91,1
DA:92,1
DA:93,1
DA:94,1
DA:95,1
DA:96,1
DA:97,1
DA:98,1
DA:99,1
DA:100,8
DA:101,3
DA:102,3
DA:103,1
DA:104,1
DA:105,1
DA:106,1
DA:107,1
DA:108,1
DA:109,1
DA:110,1
DA:111,1
DA:112,3
DA:113,1
DA:114,1
DA:115,1
DA:116,1
DA:117,1
DA:118,1
DA:119,1
DA:120,1
DA:121,1
DA:122,1
DA:123,1
DA:124,1
DA:125,1
DA:126,1
DA:127,1
DA:128,1
DA:129,1
DA:130,1
DA:132,5
DA:133,5
DA:134,5
DA:135,2
DA:136,2
DA:137,2
DA:138,2
DA:139,2
DA:140,2
DA:141,2
DA:142,2
DA:143,2
DA:144,5
DA:145,1
DA:146,1
DA:147,1
DA:148,1
DA:149,1
DA:150,1
DA:151,1
DA:152,1
DA:153,1
DA:154,5
DA:155,1
DA:156,1
DA:157,1
DA:158,1
DA:159,1
DA:160,1
DA:161,1
DA:162,1
DA:163,1
DA:164,1
DA:165,1
DA:166,1
DA:167,1
DA:168,1
DA:169,1
DA:170,1
DA:171,1
DA:172,8
DA:173,1
LF:158
LH:158
BRDA:41,0,0,14
BRDA:55,1,0,1
BRDA:57,2,0,13
BRDA:59,3,0,4
BRDA:59,4,0,3
BRDA:60,5,0,1
BRDA:60,6,0,2
BRDA:63,7,0,1
BRDA:66,8,0,10
BRDA:68,9,0,9
BRDA:68,10,0,8
BRDA:70,11,0,2
BRDA:72,12,0,1
BRDA:81,13,0,3
BRDA:85,14,0,1
BRDA:99,15,0,8
BRDA:100,16,0,3
BRDA:102,17,0,1
BRDA:111,18,0,2
BRDA:112,19,0,1
BRDA:130,20,0,5
BRDA:134,21,0,2
BRDA:134,22,0,2
BRDA:143,23,0,3
BRDA:144,24,0,1
BRDA:144,25,0,1
BRDA:153,26,0,2
BRDA:154,27,0,1
BRF:28
BRH:28
end_of_record
TN:
SF:module/lib/skills/skill.mjs
FN:9,Skill
FN:25,train
FN:34,forget
FN:43,evaluate
FN:53,updateState
FN:63,#computeFreeSkillRankAvailable
FNF:6
FNH:1
FNDA:19,Skill
FNDA:0,train
FNDA:0,forget
FNDA:0,evaluate
FNDA:0,updateState
FNDA:0,#computeFreeSkillRankAvailable
DA:1,1
DA:2,1
DA:3,1
DA:4,1
DA:5,1
DA:6,1
DA:8,1
DA:9,1
DA:10,19
DA:11,19
DA:12,19
DA:13,19
DA:14,19
DA:15,19
DA:16,19
DA:17,19
DA:18,19
DA:20,1
DA:21,1
DA:22,1
DA:23,1
DA:24,1
DA:25,1
DA:26,0
DA:27,0
DA:29,1
DA:30,1
DA:31,1
DA:32,1
DA:33,1
DA:34,1
DA:35,0
DA:36,0
DA:38,1
DA:39,1
DA:40,1
DA:41,1
DA:42,1
DA:43,1
DA:44,0
DA:45,0
DA:47,1
DA:48,1
DA:49,1
DA:50,1
DA:51,1
DA:52,1
DA:53,1
DA:54,0
DA:55,0
DA:57,1
DA:58,1
DA:59,1
DA:60,1
DA:61,1
DA:62,1
DA:63,1
DA:64,0
DA:65,0
DA:66,1
LF:60
LH:50
BRDA:9,0,0,19
BRF:1
BRH:1
end_of_record
TN:
SF:module/lib/skills/specialization-free-skill.mjs
FN:5,SpecializationFreeSkill
FN:14,train
FN:25,forget
FN:35,evaluate
FN:68,#computeFreeSkillRankAvailable
FN:76,updateState
FNF:6
FNH:2
FNDA:4,SpecializationFreeSkill
FNDA:0,train
FNDA:0,forget
FNDA:0,evaluate
FNDA:4,#computeFreeSkillRankAvailable
FNDA:0,updateState
DA:1,1
DA:2,1
DA:4,1
DA:5,1
DA:6,4
DA:7,4
DA:8,4
DA:10,1
DA:11,1
DA:12,1
DA:13,1
DA:14,1
DA:15,0
DA:16,0
DA:17,0
DA:18,0
DA:20,1
DA:21,1
DA:22,1
DA:23,1
DA:25,1
DA:26,0
DA:27,0
DA:28,0
DA:29,0
DA:31,1
DA:32,1
DA:33,1
DA:34,1
DA:35,1
DA:36,0
DA:37,0
DA:38,0
DA:39,0
DA:41,0
DA:42,0
DA:43,0
DA:44,0
DA:45,0
DA:47,0
DA:48,0
DA:49,0
DA:51,0
DA:52,0
DA:53,0
DA:55,0
DA:56,0
DA:57,0
DA:58,0
DA:60,0
DA:61,0
DA:62,0
DA:64,1
DA:65,1
DA:66,1
DA:67,1
DA:68,1
DA:69,4
DA:70,4
DA:72,1
DA:73,1
DA:74,1
DA:75,1
DA:76,1
DA:77,0
DA:78,0
DA:79,0
DA:80,0
DA:81,0
DA:82,0
DA:83,0
DA:84,0
DA:85,0
DA:86,0
DA:87,0
DA:88,0
DA:89,1
LF:77
LH:35
BRDA:5,0,0,4
BRDA:68,1,0,4
BRF:2
BRH:2
end_of_record
TN:
SF:module/lib/skills/trained-skill.mjs
FN:5,TrainedSkill
FN:14,train
FN:24,forget
FN:33,evaluate
FN:53,#computeFreeSkillRankAvailable
FN:61,updateState
FNF:6
FNH:5
FNDA:8,TrainedSkill
FNDA:1,train
FNDA:1,forget
FNDA:2,evaluate
FNDA:10,#computeFreeSkillRankAvailable
FNDA:0,updateState
DA:1,1
DA:2,1
DA:4,1
DA:5,1
DA:6,8
DA:7,8
DA:8,8
DA:10,1
DA:11,1
DA:12,1
DA:13,1
DA:14,1
DA:15,1
DA:16,1
DA:17,1
DA:19,1
DA:20,1
DA:21,1
DA:22,1
DA:24,1
DA:25,1
DA:26,1
DA:27,1
DA:29,1
DA:30,1
DA:31,1
DA:32,1
DA:33,1
DA:34,2
DA:36,2
DA:37,1
DA:38,1
DA:40,1
DA:41,1
DA:42,1
DA:43,1
DA:45,1
DA:46,1
DA:47,2
DA:49,1
DA:50,1
DA:51,1
DA:52,1
DA:53,1
DA:54,10
DA:55,10
DA:57,1
DA:58,1
DA:59,1
DA:60,1
DA:61,1
DA:62,0
DA:63,0
DA:64,0
DA:65,0
DA:66,0
DA:67,0
DA:68,0
DA:69,0
DA:70,0
DA:71,0
DA:72,0
DA:73,0
DA:74,1
LF:64
LH:52
BRDA:5,0,0,8
BRDA:14,1,0,1
BRDA:24,2,0,1
BRDA:33,3,0,2
BRDA:36,4,0,1
BRDA:53,5,0,10
BRF:6
BRH:6
end_of_record
